<?xml version="1.0" encoding="UTF-8"?>
<!-- Generated by org.testng.reporters.JUnitReportReporter -->
<testsuite hostname="HP-Pavilion-Ilkal" failures="0" tests="1" name="StepDefinitions.ReadExcelSheet" time="1.676" errors="0" timestamp="2024-11-07T23:25:53 IST" skipped="0">
  <testcase classname="StepDefinitions.ReadExcelSheet" name="readExcelData" time="1.676"/>
</testsuite> <!-- StepDefinitions.ReadExcelSheet -->
